# JRE version: OpenJDK Runtime Environment (21.0.8) (build 21.0.8+-14196175-b1038.72)
# Java VM: OpenJDK 64-Bit Server VM (21.0.8+-14196175-b1038.72, mixed mode, tiered, compressed oops, compressed class ptrs, g1 gc, windows-amd64)
GC Precious Log:
 CardTable entry size: 512
 Card Set container configuration: InlinePtr #cards 5 size 8 Array Of Cards #cards 12 size 40 Howl #buckets 4 coarsen threshold 1843 Howl Bitmap #cards 512 size 80 coarsen threshold 460 Card regions per heap region 1 cards per card region 2048
 CPUs: 8 total, 8 available
 Memory: 7971M
 Large Page Support: Disabled
 NUMA Support: Disabled
 Compressed Oops: Enabled (32-bit)
 Heap Region Size: 1M
 Heap Min Capacity: 8M
 Heap Initial Capacity: 126M
 Heap Max Capacity: 2G
 Pre-touch: Disabled
 Parallel Workers: 8
 Concurrent Workers: 2
 Concurrent Refinement Workers: 8
 Periodic GC: Disabled
Heap:
 garbage-first heap   total 215040K, used 137310K [0x0000000080000000, 0x0000000100000000)
  region size 1024K, 8 young (8192K), 6 survivors (6144K)
 Metaspace       used 128042K, committed 130304K, reserved 1179648K
  class space    used 18121K, committed 19264K, reserved 1048576K
GC Heap History (20 events):
Event: 13.759 GC heap before
{Heap before GC invocations=42 (full 0):
 garbage-first heap   total 158720K, used 127834K [0x0000000080000000, 0x0000000100000000)
  region size 1024K, 35 young (35840K), 7 survivors (7168K)
 Metaspace       used 103680K, committed 105600K, reserved 1179648K
  class space    used 14399K, committed 15360K, reserved 1048576K
}
Event: 13.764 GC heap after
{Heap after GC invocations=43 (full 0):
 garbage-first heap   total 158720K, used 101740K [0x0000000080000000, 0x0000000100000000)
  region size 1024K, 2 young (2048K), 2 survivors (2048K)
 Metaspace       used 103680K, committed 105600K, reserved 1179648K
  class space    used 14399K, committed 15360K, reserved 1048576K
}
Event: 14.304 GC heap before
{Heap before GC invocations=44 (full 0):
 garbage-first heap   total 173056K, used 147820K [0x0000000080000000, 0x0000000100000000)
  region size 1024K, 46 young (47104K), 2 survivors (2048K)
 Metaspace       used 107268K, committed 109248K, reserved 1179648K
  class space    used 15049K, committed 16000K, reserved 1048576K
}
Event: 14.307 GC heap after
{Heap after GC invocations=45 (full 0):
 garbage-first heap   total 173056K, used 102717K [0x0000000080000000, 0x0000000100000000)
  region size 1024K, 3 young (3072K), 3 survivors (3072K)
 Metaspace       used 107268K, committed 109248K, reserved 1179648K
  class space    used 15049K, committed 16000K, reserved 1048576K
}
Event: 14.987 GC heap before
{Heap before GC invocations=45 (full 0):
 garbage-first heap   total 173056K, used 156989K [0x0000000080000000, 0x0000000100000000)
  region size 1024K, 56 young (57344K), 3 survivors (3072K)
 Metaspace       used 111183K, committed 113280K, reserved 1179648K
  class space    used 15653K, committed 16704K, reserved 1048576K
}
Event: 14.996 GC heap after
{Heap after GC invocations=46 (full 0):
 garbage-first heap   total 173056K, used 103781K [0x0000000080000000, 0x0000000100000000)
  region size 1024K, 5 young (5120K), 5 survivors (5120K)
 Metaspace       used 111183K, committed 113280K, reserved 1179648K
  class space    used 15653K, committed 16704K, reserved 1048576K
}
Event: 15.870 GC heap before
{Heap before GC invocations=46 (full 0):
 garbage-first heap   total 173056K, used 158053K [0x0000000080000000, 0x0000000100000000)
  region size 1024K, 58 young (59392K), 5 survivors (5120K)
 Metaspace       used 115613K, committed 117760K, reserved 1179648K
  class space    used 16306K, committed 17408K, reserved 1048576K
}
Event: 15.878 GC heap after
{Heap after GC invocations=47 (full 0):
 garbage-first heap   total 173056K, used 106567K [0x0000000080000000, 0x0000000100000000)
  region size 1024K, 7 young (7168K), 7 survivors (7168K)
 Metaspace       used 115613K, committed 117760K, reserved 1179648K
  class space    used 16306K, committed 17408K, reserved 1048576K
}
Event: 16.655 GC heap before
{Heap before GC invocations=48 (full 0):
 garbage-first heap   total 179200K, used 154695K [0x0000000080000000, 0x0000000100000000)
  region size 1024K, 54 young (55296K), 7 survivors (7168K)
 Metaspace       used 119266K, committed 121408K, reserved 1179648K
  class space    used 16840K, committed 17856K, reserved 1048576K
}
Event: 16.670 GC heap after
{Heap after GC invocations=49 (full 0):
 garbage-first heap   total 179200K, used 109560K [0x0000000080000000, 0x0000000100000000)
  region size 1024K, 6 young (6144K), 6 survivors (6144K)
 Metaspace       used 119266K, committed 121408K, reserved 1179648K
  class space    used 16840K, committed 17856K, reserved 1048576K
}
Event: 17.375 GC heap before
{Heap before GC invocations=49 (full 0):
 garbage-first heap   total 179200K, used 161784K [0x0000000080000000, 0x0000000100000000)
  region size 1024K, 57 young (58368K), 6 survivors (6144K)
 Metaspace       used 120441K, committed 122560K, reserved 1179648K
  class space    used 17004K, committed 18048K, reserved 1048576K
}
Event: 17.417 GC heap after
{Heap after GC invocations=50 (full 0):
 garbage-first heap   total 179200K, used 115708K [0x0000000080000000, 0x0000000100000000)
  region size 1024K, 8 young (8192K), 8 survivors (8192K)
 Metaspace       used 120441K, committed 122560K, reserved 1179648K
  class space    used 17004K, committed 18048K, reserved 1048576K
}
Event: 18.177 GC heap before
{Heap before GC invocations=50 (full 0):
 garbage-first heap   total 179200K, used 160764K [0x0000000080000000, 0x0000000100000000)
  region size 1024K, 52 young (53248K), 8 survivors (8192K)
 Metaspace       used 122672K, committed 124864K, reserved 1179648K
  class space    used 17345K, committed 18432K, reserved 1048576K
}
Event: 18.190 GC heap after
{Heap after GC invocations=51 (full 0):
 garbage-first heap   total 215040K, used 123659K [0x0000000080000000, 0x0000000100000000)
  region size 1024K, 7 young (7168K), 7 survivors (7168K)
 Metaspace       used 122672K, committed 124864K, reserved 1179648K
  class space    used 17345K, committed 18432K, reserved 1048576K
}
Event: 19.897 GC heap before
{Heap before GC invocations=52 (full 0):
 garbage-first heap   total 215040K, used 194315K [0x0000000080000000, 0x0000000100000000)
  region size 1024K, 77 young (78848K), 7 survivors (7168K)
 Metaspace       used 123310K, committed 125504K, reserved 1179648K
  class space    used 17459K, committed 18560K, reserved 1048576K
}
Event: 19.911 GC heap after
{Heap after GC invocations=53 (full 0):
 garbage-first heap   total 215040K, used 129048K [0x0000000080000000, 0x0000000100000000)
  region size 1024K, 7 young (7168K), 7 survivors (7168K)
 Metaspace       used 123310K, committed 125504K, reserved 1179648K
  class space    used 17459K, committed 18560K, reserved 1048576K
}
Event: 21.437 GC heap before
{Heap before GC invocations=53 (full 0):
 garbage-first heap   total 215040K, used 194584K [0x0000000080000000, 0x0000000100000000)
  region size 1024K, 72 young (73728K), 7 survivors (7168K)
 Metaspace       used 125815K, committed 128128K, reserved 1179648K
  class space    used 17782K, committed 18944K, reserved 1048576K
}
Event: 21.458 GC heap after
{Heap after GC invocations=54 (full 0):
 garbage-first heap   total 215040K, used 132400K [0x0000000080000000, 0x0000000100000000)
  region size 1024K, 7 young (7168K), 7 survivors (7168K)
 Metaspace       used 125815K, committed 128128K, reserved 1179648K
  class space    used 17782K, committed 18944K, reserved 1048576K
}
Event: 23.829 GC heap before
{Heap before GC invocations=54 (full 0):
 garbage-first heap   total 215040K, used 194864K [0x0000000080000000, 0x0000000100000000)
  region size 1024K, 69 young (70656K), 7 survivors (7168K)
 Metaspace       used 127967K, committed 130304K, reserved 1179648K
  class space    used 18106K, committed 19264K, reserved 1048576K
}
Event: 23.844 GC heap after
{Heap after GC invocations=55 (full 0):
 garbage-first heap   total 215040K, used 136286K [0x0000000080000000, 0x0000000100000000)
  region size 1024K, 6 young (6144K), 6 survivors (6144K)
 Metaspace       used 127967K, committed 130304K, reserved 1179648K
  class space    used 18106K, committed 19264K, reserved 1048576K
}

